2025-03-02 15:09:39.886 [info] Experiment 'pythonaacf' is active
2025-03-02 15:09:39.887 [info] Experiment 'pythonRecommendTensorboardExt' is active
2025-03-02 15:09:39.887 [info] Experiment 'pythonSurveyNotificationcf' is active
2025-03-02 15:09:39.887 [info] Experiment 'pythonTerminalEnvVarActivation' is active
2025-03-02 15:09:39.887 [info] Experiment 'pythonTestAdapter' is active
2025-03-02 15:09:39.889 [info] Native locator: Refresh started
2025-03-02 15:09:39.895 [error] Python discovery not supported in untrusted workspace
2025-03-02 15:09:39.895 [info] Native locator: Refresh finished in 6 ms
2025-03-02 15:09:40.136 [info] > python -c "import sys;print(sys.executable)"
2025-03-02 15:09:40.138 [error] [Error: Command failed: python -c "import sys;print(sys.executable)"
/bin/sh: 1: python: not found

	at genericNodeError (node:internal/errors:984:15)
	at wrappedFn (node:internal/errors:538:14)
	at ChildProcess.exithandler (node:child_process:423:12)
	at ChildProcess.emit (node:events:530:35)
	at maybeClose (node:internal/child_process:1104:16)
	at Socket.<anonymous> (node:internal/child_process:456:11)
	at Socket.emit (node:events:518:28)
	at Pipe.<anonymous> (node:net:343:12)] {
  code: 127,
  killed: false,
  signal: null,
  cmd: 'python -c "import sys;print(sys.executable)"'
}
2025-03-02 15:09:41.137 [info] Starting Pylance language server.
